0 info it worked if it ends with ok
1 verbose cli [ '/usr/bin/nodejs', '/usr/bin/npm', 'install' ]
2 info using npm@2.15.9
3 info using node@v4.5.0
4 verbose readDependencies loading dependencies from /mnt/hgfs/vm_shared/ergame/package.json
5 warn package.json ERGame@0.0.1 No license field.
6 verbose install where, deps [ '/mnt/hgfs/vm_shared/ergame',
6 verbose install   [ 'LiveScript', 'jade', 'chokidar', 'stylus', 'uglify-js' ] ]
7 verbose install where, peers [ '/mnt/hgfs/vm_shared/ergame', [] ]
8 verbose installManyTop reading for lifecycle /mnt/hgfs/vm_shared/ergame/package.json
9 info preinstall ERGame@0.0.1
10 verbose installManyTop reading scoped package data from /mnt/hgfs/vm_shared/ergame/node_modules/LiveScript/package.json
11 verbose installManyTop reading scoped package data from /mnt/hgfs/vm_shared/ergame/node_modules/acorn/package.json
12 verbose installManyTop reading scoped package data from /mnt/hgfs/vm_shared/ergame/node_modules/acorn-globals/package.json
13 verbose installManyTop reading scoped package data from /mnt/hgfs/vm_shared/ergame/node_modules/align-text/package.json
14 verbose installManyTop reading scoped package data from /mnt/hgfs/vm_shared/ergame/node_modules/amdefine/package.json
15 verbose installManyTop reading scoped package data from /mnt/hgfs/vm_shared/ergame/node_modules/anymatch/package.json
16 verbose installManyTop reading scoped package data from /mnt/hgfs/vm_shared/ergame/node_modules/arr-diff/package.json
17 verbose installManyTop reading scoped package data from /mnt/hgfs/vm_shared/ergame/node_modules/arr-flatten/package.json
18 verbose installManyTop reading scoped package data from /mnt/hgfs/vm_shared/ergame/node_modules/array-unique/package.json
19 verbose installManyTop reading scoped package data from /mnt/hgfs/vm_shared/ergame/node_modules/arrify/package.json
20 verbose installManyTop reading scoped package data from /mnt/hgfs/vm_shared/ergame/node_modules/asap/package.json
21 verbose installManyTop reading scoped package data from /mnt/hgfs/vm_shared/ergame/node_modules/ast-types/package.json
22 verbose installManyTop reading scoped package data from /mnt/hgfs/vm_shared/ergame/node_modules/async/package.json
23 verbose installManyTop reading scoped package data from /mnt/hgfs/vm_shared/ergame/node_modules/async-each/package.json
24 verbose installManyTop reading scoped package data from /mnt/hgfs/vm_shared/ergame/node_modules/balanced-match/package.json
25 verbose installManyTop reading scoped package data from /mnt/hgfs/vm_shared/ergame/node_modules/binary-extensions/package.json
26 verbose installManyTop reading scoped package data from /mnt/hgfs/vm_shared/ergame/node_modules/brace-expansion/package.json
27 verbose installManyTop reading scoped package data from /mnt/hgfs/vm_shared/ergame/node_modules/braces/package.json
28 verbose installManyTop reading scoped package data from /mnt/hgfs/vm_shared/ergame/node_modules/camelcase/package.json
29 verbose installManyTop reading scoped package data from /mnt/hgfs/vm_shared/ergame/node_modules/center-align/package.json
30 verbose installManyTop reading scoped package data from /mnt/hgfs/vm_shared/ergame/node_modules/character-parser/package.json
31 verbose installManyTop reading scoped package data from /mnt/hgfs/vm_shared/ergame/node_modules/chokidar/package.json
32 verbose installManyTop reading scoped package data from /mnt/hgfs/vm_shared/ergame/node_modules/clean-css/package.json
33 verbose installManyTop reading scoped package data from /mnt/hgfs/vm_shared/ergame/node_modules/cliui/package.json
34 verbose installManyTop reading scoped package data from /mnt/hgfs/vm_shared/ergame/node_modules/commander/package.json
35 verbose installManyTop reading scoped package data from /mnt/hgfs/vm_shared/ergame/node_modules/concat-map/package.json
36 verbose installManyTop reading scoped package data from /mnt/hgfs/vm_shared/ergame/node_modules/constantinople/package.json
37 verbose installManyTop reading scoped package data from /mnt/hgfs/vm_shared/ergame/node_modules/core-util-is/package.json
38 verbose installManyTop reading scoped package data from /mnt/hgfs/vm_shared/ergame/node_modules/css/package.json
39 verbose installManyTop reading scoped package data from /mnt/hgfs/vm_shared/ergame/node_modules/css-parse/package.json
40 verbose installManyTop reading scoped package data from /mnt/hgfs/vm_shared/ergame/node_modules/css-stringify/package.json
41 verbose installManyTop reading scoped package data from /mnt/hgfs/vm_shared/ergame/node_modules/debug/package.json
42 verbose installManyTop reading scoped package data from /mnt/hgfs/vm_shared/ergame/node_modules/decamelize/package.json
43 verbose installManyTop reading scoped package data from /mnt/hgfs/vm_shared/ergame/node_modules/deep-is/package.json
44 verbose installManyTop reading scoped package data from /mnt/hgfs/vm_shared/ergame/node_modules/esmangle-evaluator/package.json
45 verbose installManyTop reading scoped package data from /mnt/hgfs/vm_shared/ergame/node_modules/esprima/package.json
46 verbose installManyTop reading scoped package data from /mnt/hgfs/vm_shared/ergame/node_modules/expand-brackets/package.json
47 verbose installManyTop reading scoped package data from /mnt/hgfs/vm_shared/ergame/node_modules/expand-range/package.json
48 verbose installManyTop reading scoped package data from /mnt/hgfs/vm_shared/ergame/node_modules/extglob/package.json
49 verbose installManyTop reading scoped package data from /mnt/hgfs/vm_shared/ergame/node_modules/falafel/package.json
50 verbose installManyTop reading scoped package data from /mnt/hgfs/vm_shared/ergame/node_modules/fast-levenshtein/package.json
51 verbose installManyTop reading scoped package data from /mnt/hgfs/vm_shared/ergame/node_modules/filename-regex/package.json
52 verbose installManyTop reading scoped package data from /mnt/hgfs/vm_shared/ergame/node_modules/fill-range/package.json
53 verbose installManyTop reading scoped package data from /mnt/hgfs/vm_shared/ergame/node_modules/for-in/package.json
54 verbose installManyTop reading scoped package data from /mnt/hgfs/vm_shared/ergame/node_modules/for-own/package.json
55 verbose installManyTop reading scoped package data from /mnt/hgfs/vm_shared/ergame/node_modules/foreach/package.json
56 verbose installManyTop reading scoped package data from /mnt/hgfs/vm_shared/ergame/node_modules/glob/package.json
57 verbose installManyTop reading scoped package data from /mnt/hgfs/vm_shared/ergame/node_modules/glob-base/package.json
58 verbose installManyTop reading scoped package data from /mnt/hgfs/vm_shared/ergame/node_modules/glob-parent/package.json
59 verbose installManyTop reading scoped package data from /mnt/hgfs/vm_shared/ergame/node_modules/graceful-fs/package.json
60 verbose installManyTop reading scoped package data from /mnt/hgfs/vm_shared/ergame/node_modules/graceful-readlink/package.json
61 verbose installManyTop reading scoped package data from /mnt/hgfs/vm_shared/ergame/node_modules/inherits/package.json
62 verbose installManyTop reading scoped package data from /mnt/hgfs/vm_shared/ergame/node_modules/inline-process-browser/package.json
63 verbose installManyTop reading scoped package data from /mnt/hgfs/vm_shared/ergame/node_modules/is-binary-path/package.json
64 verbose installManyTop reading scoped package data from /mnt/hgfs/vm_shared/ergame/node_modules/is-buffer/package.json
65 verbose installManyTop reading scoped package data from /mnt/hgfs/vm_shared/ergame/node_modules/is-dotfile/package.json
66 verbose installManyTop reading scoped package data from /mnt/hgfs/vm_shared/ergame/node_modules/is-equal-shallow/package.json
67 verbose installManyTop reading scoped package data from /mnt/hgfs/vm_shared/ergame/node_modules/is-extendable/package.json
68 verbose installManyTop reading scoped package data from /mnt/hgfs/vm_shared/ergame/node_modules/is-extglob/package.json
69 verbose installManyTop reading scoped package data from /mnt/hgfs/vm_shared/ergame/node_modules/is-glob/package.json
70 verbose installManyTop reading scoped package data from /mnt/hgfs/vm_shared/ergame/node_modules/is-number/package.json
71 verbose installManyTop reading scoped package data from /mnt/hgfs/vm_shared/ergame/node_modules/is-posix-bracket/package.json
72 verbose installManyTop reading scoped package data from /mnt/hgfs/vm_shared/ergame/node_modules/is-primitive/package.json
73 verbose installManyTop reading scoped package data from /mnt/hgfs/vm_shared/ergame/node_modules/is-promise/package.json
74 verbose installManyTop reading scoped package data from /mnt/hgfs/vm_shared/ergame/node_modules/isarray/package.json
75 verbose installManyTop reading scoped package data from /mnt/hgfs/vm_shared/ergame/node_modules/isobject/package.json
76 verbose installManyTop reading scoped package data from /mnt/hgfs/vm_shared/ergame/node_modules/jade/package.json
77 verbose installManyTop reading scoped package data from /mnt/hgfs/vm_shared/ergame/node_modules/jstransformer/package.json
78 verbose installManyTop reading scoped package data from /mnt/hgfs/vm_shared/ergame/node_modules/kind-of/package.json
79 verbose installManyTop reading scoped package data from /mnt/hgfs/vm_shared/ergame/node_modules/lazy-cache/package.json
80 verbose installManyTop reading scoped package data from /mnt/hgfs/vm_shared/ergame/node_modules/levn/package.json
81 verbose installManyTop reading scoped package data from /mnt/hgfs/vm_shared/ergame/node_modules/longest/package.json
82 verbose installManyTop reading scoped package data from /mnt/hgfs/vm_shared/ergame/node_modules/lru-cache/package.json
83 verbose installManyTop reading scoped package data from /mnt/hgfs/vm_shared/ergame/node_modules/micromatch/package.json
84 verbose installManyTop reading scoped package data from /mnt/hgfs/vm_shared/ergame/node_modules/minimatch/package.json
85 verbose installManyTop reading scoped package data from /mnt/hgfs/vm_shared/ergame/node_modules/minimist/package.json
86 verbose installManyTop reading scoped package data from /mnt/hgfs/vm_shared/ergame/node_modules/mkdirp/package.json
87 verbose installManyTop reading scoped package data from /mnt/hgfs/vm_shared/ergame/node_modules/ms/package.json
88 verbose installManyTop reading scoped package data from /mnt/hgfs/vm_shared/ergame/node_modules/normalize-path/package.json
89 verbose installManyTop reading scoped package data from /mnt/hgfs/vm_shared/ergame/node_modules/object-keys/package.json
90 verbose installManyTop reading scoped package data from /mnt/hgfs/vm_shared/ergame/node_modules/object.omit/package.json
91 verbose installManyTop reading scoped package data from /mnt/hgfs/vm_shared/ergame/node_modules/optimist/package.json
92 verbose installManyTop reading scoped package data from /mnt/hgfs/vm_shared/ergame/node_modules/optionator/package.json
93 verbose installManyTop reading scoped package data from /mnt/hgfs/vm_shared/ergame/node_modules/parse-glob/package.json
94 verbose installManyTop reading scoped package data from /mnt/hgfs/vm_shared/ergame/node_modules/path-is-absolute/package.json
95 verbose installManyTop reading scoped package data from /mnt/hgfs/vm_shared/ergame/node_modules/prelude-ls/package.json
96 verbose installManyTop reading scoped package data from /mnt/hgfs/vm_shared/ergame/node_modules/preserve/package.json
97 verbose installManyTop reading scoped package data from /mnt/hgfs/vm_shared/ergame/node_modules/private/package.json
98 verbose installManyTop reading scoped package data from /mnt/hgfs/vm_shared/ergame/node_modules/process-nextick-args/package.json
99 verbose installManyTop reading scoped package data from /mnt/hgfs/vm_shared/ergame/node_modules/promise/package.json
100 verbose installManyTop reading scoped package data from /mnt/hgfs/vm_shared/ergame/node_modules/randomatic/package.json
101 verbose installManyTop reading scoped package data from /mnt/hgfs/vm_shared/ergame/node_modules/readable-stream/package.json
102 verbose installManyTop reading scoped package data from /mnt/hgfs/vm_shared/ergame/node_modules/readdirp/package.json
103 verbose installManyTop reading scoped package data from /mnt/hgfs/vm_shared/ergame/node_modules/recast/package.json
104 verbose installManyTop reading scoped package data from /mnt/hgfs/vm_shared/ergame/node_modules/regex-cache/package.json
105 verbose installManyTop reading scoped package data from /mnt/hgfs/vm_shared/ergame/node_modules/repeat-element/package.json
106 verbose installManyTop reading scoped package data from /mnt/hgfs/vm_shared/ergame/node_modules/repeat-string/package.json
107 verbose installManyTop reading scoped package data from /mnt/hgfs/vm_shared/ergame/node_modules/right-align/package.json
108 verbose installManyTop reading scoped package data from /mnt/hgfs/vm_shared/ergame/node_modules/sax/package.json
109 verbose installManyTop reading scoped package data from /mnt/hgfs/vm_shared/ergame/node_modules/sigmund/package.json
110 verbose installManyTop reading scoped package data from /mnt/hgfs/vm_shared/ergame/node_modules/source-map/package.json
111 verbose installManyTop reading scoped package data from /mnt/hgfs/vm_shared/ergame/node_modules/string_decoder/package.json
112 verbose installManyTop reading scoped package data from /mnt/hgfs/vm_shared/ergame/node_modules/stylus/package.json
113 verbose installManyTop reading scoped package data from /mnt/hgfs/vm_shared/ergame/node_modules/through2/package.json
114 verbose installManyTop reading scoped package data from /mnt/hgfs/vm_shared/ergame/node_modules/transformers/package.json
115 verbose installManyTop reading scoped package data from /mnt/hgfs/vm_shared/ergame/node_modules/type-check/package.json
116 verbose installManyTop reading scoped package data from /mnt/hgfs/vm_shared/ergame/node_modules/uglify-js/package.json
117 verbose installManyTop reading scoped package data from /mnt/hgfs/vm_shared/ergame/node_modules/uglify-to-browserify/package.json
118 verbose installManyTop reading scoped package data from /mnt/hgfs/vm_shared/ergame/node_modules/unreachable-branch-transform/package.json
119 verbose installManyTop reading scoped package data from /mnt/hgfs/vm_shared/ergame/node_modules/util-deprecate/package.json
120 verbose installManyTop reading scoped package data from /mnt/hgfs/vm_shared/ergame/node_modules/void-elements/package.json
121 verbose installManyTop reading scoped package data from /mnt/hgfs/vm_shared/ergame/node_modules/window-size/package.json
122 verbose installManyTop reading scoped package data from /mnt/hgfs/vm_shared/ergame/node_modules/with/package.json
123 verbose installManyTop reading scoped package data from /mnt/hgfs/vm_shared/ergame/node_modules/wordwrap/package.json
124 verbose installManyTop reading scoped package data from /mnt/hgfs/vm_shared/ergame/node_modules/xtend/package.json
125 verbose installManyTop reading scoped package data from /mnt/hgfs/vm_shared/ergame/node_modules/yargs/package.json
126 info package.json LiveScript@1.3.1 No license field.
127 info package.json asap@1.0.0 No repository field.
128 info package.json asap@1.0.0 No license field.
129 info package.json async@0.2.10 No license field.
130 info package.json array-unique@0.2.1 license should be a valid SPDX license expression
131 info package.json arr-flatten@1.0.1 license should be a valid SPDX license expression
132 info package.json css@1.0.8 No repository field.
133 info package.json css@1.0.8 No license field.
134 info package.json css-parse@1.0.4 No repository field.
135 info package.json css-parse@1.0.4 No license field.
136 info package.json expand-range@1.8.1 license should be a valid SPDX license expression
137 info package.json css-stringify@1.0.5 No repository field.
138 info package.json css-stringify@1.0.5 No license field.
139 info package.json deep-is@0.1.3 license should be a valid SPDX license expression
140 info package.json esmangle-evaluator@1.0.0 No license field.
141 info package.json filename-regex@2.0.0 license should be a valid SPDX license expression
142 info package.json glob@3.2.11 license should be a valid SPDX license expression
143 info package.json glob-base@0.3.0 license should be a valid SPDX license expression
144 info package.json is-primitive@2.0.0 license should be a valid SPDX license expression
145 info package.json longest@1.0.1 license should be a valid SPDX license expression
146 info package.json levn@0.2.5 No license field.
147 info package.json ms@0.7.1 No license field.
148 info package.json optionator@0.4.0 No license field.
149 info package.json optimist@0.3.7 license should be a valid SPDX license expression
150 info package.json prelude-ls@1.1.2 No license field.
151 info package.json preserve@0.2.0 license should be a valid SPDX license expression
152 info package.json repeat-element@1.1.2 license should be a valid SPDX license expression
153 info package.json string_decoder@0.10.31 string_decoder is also the name of a node core module.
154 info package.json uglify-js@2.4.16 license should be a valid SPDX license expression
155 info package.json sax@0.5.8 license should be a valid SPDX license expression
156 info package.json window-size@0.1.0 No license field.
157 verbose readDependencies loading dependencies from /mnt/hgfs/vm_shared/ergame/package.json
158 verbose targetResolver reading package data from /mnt/hgfs/vm_shared/ergame/node_modules/LiveScript/package.json
159 verbose targetResolver reading package data from /mnt/hgfs/vm_shared/ergame/node_modules/acorn/package.json
160 verbose targetResolver reading package data from /mnt/hgfs/vm_shared/ergame/node_modules/acorn-globals/package.json
161 verbose targetResolver reading package data from /mnt/hgfs/vm_shared/ergame/node_modules/align-text/package.json
162 verbose targetResolver reading package data from /mnt/hgfs/vm_shared/ergame/node_modules/amdefine/package.json
163 verbose targetResolver reading package data from /mnt/hgfs/vm_shared/ergame/node_modules/anymatch/package.json
164 verbose targetResolver reading package data from /mnt/hgfs/vm_shared/ergame/node_modules/arr-diff/package.json
165 verbose targetResolver reading package data from /mnt/hgfs/vm_shared/ergame/node_modules/arr-flatten/package.json
166 verbose targetResolver reading package data from /mnt/hgfs/vm_shared/ergame/node_modules/array-unique/package.json
167 verbose targetResolver reading package data from /mnt/hgfs/vm_shared/ergame/node_modules/arrify/package.json
168 verbose targetResolver reading package data from /mnt/hgfs/vm_shared/ergame/node_modules/asap/package.json
169 verbose targetResolver reading package data from /mnt/hgfs/vm_shared/ergame/node_modules/ast-types/package.json
170 verbose targetResolver reading package data from /mnt/hgfs/vm_shared/ergame/node_modules/async/package.json
171 verbose targetResolver reading package data from /mnt/hgfs/vm_shared/ergame/node_modules/async-each/package.json
172 verbose targetResolver reading package data from /mnt/hgfs/vm_shared/ergame/node_modules/balanced-match/package.json
173 verbose targetResolver reading package data from /mnt/hgfs/vm_shared/ergame/node_modules/binary-extensions/package.json
174 verbose targetResolver reading package data from /mnt/hgfs/vm_shared/ergame/node_modules/brace-expansion/package.json
175 verbose targetResolver reading package data from /mnt/hgfs/vm_shared/ergame/node_modules/braces/package.json
176 verbose targetResolver reading package data from /mnt/hgfs/vm_shared/ergame/node_modules/camelcase/package.json
177 verbose targetResolver reading package data from /mnt/hgfs/vm_shared/ergame/node_modules/center-align/package.json
178 verbose targetResolver reading package data from /mnt/hgfs/vm_shared/ergame/node_modules/character-parser/package.json
179 verbose targetResolver reading package data from /mnt/hgfs/vm_shared/ergame/node_modules/chokidar/package.json
180 verbose targetResolver reading package data from /mnt/hgfs/vm_shared/ergame/node_modules/clean-css/package.json
181 verbose targetResolver reading package data from /mnt/hgfs/vm_shared/ergame/node_modules/cliui/package.json
182 verbose targetResolver reading package data from /mnt/hgfs/vm_shared/ergame/node_modules/commander/package.json
183 verbose targetResolver reading package data from /mnt/hgfs/vm_shared/ergame/node_modules/concat-map/package.json
184 verbose targetResolver reading package data from /mnt/hgfs/vm_shared/ergame/node_modules/constantinople/package.json
185 verbose targetResolver reading package data from /mnt/hgfs/vm_shared/ergame/node_modules/core-util-is/package.json
186 verbose targetResolver reading package data from /mnt/hgfs/vm_shared/ergame/node_modules/css/package.json
187 verbose targetResolver reading package data from /mnt/hgfs/vm_shared/ergame/node_modules/css-parse/package.json
188 verbose targetResolver reading package data from /mnt/hgfs/vm_shared/ergame/node_modules/css-stringify/package.json
189 verbose targetResolver reading package data from /mnt/hgfs/vm_shared/ergame/node_modules/debug/package.json
190 verbose targetResolver reading package data from /mnt/hgfs/vm_shared/ergame/node_modules/decamelize/package.json
191 verbose targetResolver reading package data from /mnt/hgfs/vm_shared/ergame/node_modules/deep-is/package.json
192 verbose targetResolver reading package data from /mnt/hgfs/vm_shared/ergame/node_modules/esmangle-evaluator/package.json
193 verbose targetResolver reading package data from /mnt/hgfs/vm_shared/ergame/node_modules/esprima/package.json
194 verbose targetResolver reading package data from /mnt/hgfs/vm_shared/ergame/node_modules/expand-brackets/package.json
195 verbose targetResolver reading package data from /mnt/hgfs/vm_shared/ergame/node_modules/expand-range/package.json
196 verbose targetResolver reading package data from /mnt/hgfs/vm_shared/ergame/node_modules/extglob/package.json
197 verbose targetResolver reading package data from /mnt/hgfs/vm_shared/ergame/node_modules/falafel/package.json
198 verbose targetResolver reading package data from /mnt/hgfs/vm_shared/ergame/node_modules/fast-levenshtein/package.json
199 verbose targetResolver reading package data from /mnt/hgfs/vm_shared/ergame/node_modules/filename-regex/package.json
200 verbose targetResolver reading package data from /mnt/hgfs/vm_shared/ergame/node_modules/fill-range/package.json
201 verbose targetResolver reading package data from /mnt/hgfs/vm_shared/ergame/node_modules/for-in/package.json
202 verbose targetResolver reading package data from /mnt/hgfs/vm_shared/ergame/node_modules/for-own/package.json
203 verbose targetResolver reading package data from /mnt/hgfs/vm_shared/ergame/node_modules/foreach/package.json
204 verbose targetResolver reading package data from /mnt/hgfs/vm_shared/ergame/node_modules/glob/package.json
205 verbose targetResolver reading package data from /mnt/hgfs/vm_shared/ergame/node_modules/glob-base/package.json
206 verbose targetResolver reading package data from /mnt/hgfs/vm_shared/ergame/node_modules/glob-parent/package.json
207 verbose targetResolver reading package data from /mnt/hgfs/vm_shared/ergame/node_modules/graceful-fs/package.json
208 verbose targetResolver reading package data from /mnt/hgfs/vm_shared/ergame/node_modules/graceful-readlink/package.json
209 verbose targetResolver reading package data from /mnt/hgfs/vm_shared/ergame/node_modules/inherits/package.json
210 verbose targetResolver reading package data from /mnt/hgfs/vm_shared/ergame/node_modules/inline-process-browser/package.json
211 verbose targetResolver reading package data from /mnt/hgfs/vm_shared/ergame/node_modules/is-binary-path/package.json
212 verbose targetResolver reading package data from /mnt/hgfs/vm_shared/ergame/node_modules/is-buffer/package.json
213 verbose targetResolver reading package data from /mnt/hgfs/vm_shared/ergame/node_modules/is-dotfile/package.json
214 verbose targetResolver reading package data from /mnt/hgfs/vm_shared/ergame/node_modules/is-equal-shallow/package.json
215 verbose targetResolver reading package data from /mnt/hgfs/vm_shared/ergame/node_modules/is-extendable/package.json
216 verbose targetResolver reading package data from /mnt/hgfs/vm_shared/ergame/node_modules/is-extglob/package.json
217 verbose targetResolver reading package data from /mnt/hgfs/vm_shared/ergame/node_modules/is-glob/package.json
218 verbose targetResolver reading package data from /mnt/hgfs/vm_shared/ergame/node_modules/is-number/package.json
219 verbose targetResolver reading package data from /mnt/hgfs/vm_shared/ergame/node_modules/is-posix-bracket/package.json
220 verbose targetResolver reading package data from /mnt/hgfs/vm_shared/ergame/node_modules/is-primitive/package.json
221 verbose targetResolver reading package data from /mnt/hgfs/vm_shared/ergame/node_modules/is-promise/package.json
222 verbose targetResolver reading package data from /mnt/hgfs/vm_shared/ergame/node_modules/isarray/package.json
223 verbose targetResolver reading package data from /mnt/hgfs/vm_shared/ergame/node_modules/isobject/package.json
224 verbose targetResolver reading package data from /mnt/hgfs/vm_shared/ergame/node_modules/jade/package.json
225 verbose targetResolver reading package data from /mnt/hgfs/vm_shared/ergame/node_modules/jstransformer/package.json
226 verbose targetResolver reading package data from /mnt/hgfs/vm_shared/ergame/node_modules/kind-of/package.json
227 verbose targetResolver reading package data from /mnt/hgfs/vm_shared/ergame/node_modules/lazy-cache/package.json
228 verbose targetResolver reading package data from /mnt/hgfs/vm_shared/ergame/node_modules/levn/package.json
229 verbose targetResolver reading package data from /mnt/hgfs/vm_shared/ergame/node_modules/longest/package.json
230 verbose targetResolver reading package data from /mnt/hgfs/vm_shared/ergame/node_modules/lru-cache/package.json
231 verbose targetResolver reading package data from /mnt/hgfs/vm_shared/ergame/node_modules/micromatch/package.json
232 verbose targetResolver reading package data from /mnt/hgfs/vm_shared/ergame/node_modules/minimatch/package.json
233 verbose targetResolver reading package data from /mnt/hgfs/vm_shared/ergame/node_modules/minimist/package.json
234 verbose targetResolver reading package data from /mnt/hgfs/vm_shared/ergame/node_modules/mkdirp/package.json
235 verbose targetResolver reading package data from /mnt/hgfs/vm_shared/ergame/node_modules/ms/package.json
236 verbose targetResolver reading package data from /mnt/hgfs/vm_shared/ergame/node_modules/normalize-path/package.json
237 verbose targetResolver reading package data from /mnt/hgfs/vm_shared/ergame/node_modules/object-keys/package.json
238 verbose targetResolver reading package data from /mnt/hgfs/vm_shared/ergame/node_modules/object.omit/package.json
239 verbose targetResolver reading package data from /mnt/hgfs/vm_shared/ergame/node_modules/optimist/package.json
240 verbose targetResolver reading package data from /mnt/hgfs/vm_shared/ergame/node_modules/optionator/package.json
241 verbose targetResolver reading package data from /mnt/hgfs/vm_shared/ergame/node_modules/parse-glob/package.json
242 verbose targetResolver reading package data from /mnt/hgfs/vm_shared/ergame/node_modules/path-is-absolute/package.json
243 verbose targetResolver reading package data from /mnt/hgfs/vm_shared/ergame/node_modules/prelude-ls/package.json
244 verbose targetResolver reading package data from /mnt/hgfs/vm_shared/ergame/node_modules/preserve/package.json
245 verbose targetResolver reading package data from /mnt/hgfs/vm_shared/ergame/node_modules/private/package.json
246 verbose targetResolver reading package data from /mnt/hgfs/vm_shared/ergame/node_modules/process-nextick-args/package.json
247 verbose targetResolver reading package data from /mnt/hgfs/vm_shared/ergame/node_modules/promise/package.json
248 verbose targetResolver reading package data from /mnt/hgfs/vm_shared/ergame/node_modules/randomatic/package.json
249 verbose targetResolver reading package data from /mnt/hgfs/vm_shared/ergame/node_modules/readable-stream/package.json
250 verbose targetResolver reading package data from /mnt/hgfs/vm_shared/ergame/node_modules/readdirp/package.json
251 verbose targetResolver reading package data from /mnt/hgfs/vm_shared/ergame/node_modules/recast/package.json
252 verbose targetResolver reading package data from /mnt/hgfs/vm_shared/ergame/node_modules/regex-cache/package.json
253 verbose targetResolver reading package data from /mnt/hgfs/vm_shared/ergame/node_modules/repeat-element/package.json
254 verbose targetResolver reading package data from /mnt/hgfs/vm_shared/ergame/node_modules/repeat-string/package.json
255 verbose targetResolver reading package data from /mnt/hgfs/vm_shared/ergame/node_modules/right-align/package.json
256 verbose targetResolver reading package data from /mnt/hgfs/vm_shared/ergame/node_modules/sax/package.json
257 verbose targetResolver reading package data from /mnt/hgfs/vm_shared/ergame/node_modules/sigmund/package.json
258 verbose targetResolver reading package data from /mnt/hgfs/vm_shared/ergame/node_modules/source-map/package.json
259 verbose targetResolver reading package data from /mnt/hgfs/vm_shared/ergame/node_modules/string_decoder/package.json
260 verbose targetResolver reading package data from /mnt/hgfs/vm_shared/ergame/node_modules/stylus/package.json
261 verbose targetResolver reading package data from /mnt/hgfs/vm_shared/ergame/node_modules/through2/package.json
262 verbose targetResolver reading package data from /mnt/hgfs/vm_shared/ergame/node_modules/transformers/package.json
263 verbose targetResolver reading package data from /mnt/hgfs/vm_shared/ergame/node_modules/type-check/package.json
264 verbose targetResolver reading package data from /mnt/hgfs/vm_shared/ergame/node_modules/uglify-js/package.json
265 verbose targetResolver reading package data from /mnt/hgfs/vm_shared/ergame/node_modules/uglify-to-browserify/package.json
266 verbose targetResolver reading package data from /mnt/hgfs/vm_shared/ergame/node_modules/unreachable-branch-transform/package.json
267 verbose targetResolver reading package data from /mnt/hgfs/vm_shared/ergame/node_modules/util-deprecate/package.json
268 verbose targetResolver reading package data from /mnt/hgfs/vm_shared/ergame/node_modules/void-elements/package.json
269 verbose targetResolver reading package data from /mnt/hgfs/vm_shared/ergame/node_modules/window-size/package.json
270 verbose targetResolver reading package data from /mnt/hgfs/vm_shared/ergame/node_modules/with/package.json
271 verbose targetResolver reading package data from /mnt/hgfs/vm_shared/ergame/node_modules/wordwrap/package.json
272 verbose targetResolver reading package data from /mnt/hgfs/vm_shared/ergame/node_modules/xtend/package.json
273 verbose targetResolver reading package data from /mnt/hgfs/vm_shared/ergame/node_modules/yargs/package.json
274 verbose already installed skipping LiveScript@>=1.2.0 /mnt/hgfs/vm_shared/ergame
275 verbose already installed skipping jade@=1.11.0 /mnt/hgfs/vm_shared/ergame
276 verbose already installed skipping chokidar@>=1.0.3 /mnt/hgfs/vm_shared/ergame
277 verbose already installed skipping stylus@=0.50.0 /mnt/hgfs/vm_shared/ergame
278 verbose already installed skipping uglify-js@=2.4.16 /mnt/hgfs/vm_shared/ergame
279 silly install resolved []
280 info build /mnt/hgfs/vm_shared/ergame
281 info linkStuff ERGame@0.0.1
282 silly linkStuff ERGame@0.0.1 has /mnt/hgfs/vm_shared as its parent node_modules
283 verbose linkBins ERGame@0.0.1
284 verbose linkMans ERGame@0.0.1
285 verbose rebuildBundles ERGame@0.0.1
286 verbose rebuildBundles [ '.bin',
286 verbose rebuildBundles   'LiveScript',
286 verbose rebuildBundles   'acorn',
286 verbose rebuildBundles   'acorn-globals',
286 verbose rebuildBundles   'align-text',
286 verbose rebuildBundles   'amdefine',
286 verbose rebuildBundles   'anymatch',
286 verbose rebuildBundles   'arr-diff',
286 verbose rebuildBundles   'arr-flatten',
286 verbose rebuildBundles   'array-unique',
286 verbose rebuildBundles   'arrify',
286 verbose rebuildBundles   'asap',
286 verbose rebuildBundles   'ast-types',
286 verbose rebuildBundles   'async',
286 verbose rebuildBundles   'async-each',
286 verbose rebuildBundles   'balanced-match',
286 verbose rebuildBundles   'binary-extensions',
286 verbose rebuildBundles   'brace-expansion',
286 verbose rebuildBundles   'braces',
286 verbose rebuildBundles   'camelcase',
286 verbose rebuildBundles   'center-align',
286 verbose rebuildBundles   'character-parser',
286 verbose rebuildBundles   'chokidar',
286 verbose rebuildBundles   'clean-css',
286 verbose rebuildBundles   'cliui',
286 verbose rebuildBundles   'commander',
286 verbose rebuildBundles   'concat-map',
286 verbose rebuildBundles   'constantinople',
286 verbose rebuildBundles   'core-util-is',
286 verbose rebuildBundles   'css',
286 verbose rebuildBundles   'css-parse',
286 verbose rebuildBundles   'css-stringify',
286 verbose rebuildBundles   'debug',
286 verbose rebuildBundles   'decamelize',
286 verbose rebuildBundles   'deep-is',
286 verbose rebuildBundles   'esmangle-evaluator',
286 verbose rebuildBundles   'esprima',
286 verbose rebuildBundles   'expand-brackets',
286 verbose rebuildBundles   'expand-range',
286 verbose rebuildBundles   'extglob',
286 verbose rebuildBundles   'falafel',
286 verbose rebuildBundles   'fast-levenshtein',
286 verbose rebuildBundles   'filename-regex',
286 verbose rebuildBundles   'fill-range',
286 verbose rebuildBundles   'for-in',
286 verbose rebuildBundles   'for-own',
286 verbose rebuildBundles   'foreach',
286 verbose rebuildBundles   'glob',
286 verbose rebuildBundles   'glob-base',
286 verbose rebuildBundles   'glob-parent',
286 verbose rebuildBundles   'graceful-fs',
286 verbose rebuildBundles   'graceful-readlink',
286 verbose rebuildBundles   'inherits',
286 verbose rebuildBundles   'inline-process-browser',
286 verbose rebuildBundles   'is-binary-path',
286 verbose rebuildBundles   'is-buffer',
286 verbose rebuildBundles   'is-dotfile',
286 verbose rebuildBundles   'is-equal-shallow',
286 verbose rebuildBundles   'is-extendable',
286 verbose rebuildBundles   'is-extglob',
286 verbose rebuildBundles   'is-glob',
286 verbose rebuildBundles   'is-number',
286 verbose rebuildBundles   'is-posix-bracket',
286 verbose rebuildBundles   'is-primitive',
286 verbose rebuildBundles   'is-promise',
286 verbose rebuildBundles   'isarray',
286 verbose rebuildBundles   'isobject',
286 verbose rebuildBundles   'jade',
286 verbose rebuildBundles   'jstransformer',
286 verbose rebuildBundles   'kind-of',
286 verbose rebuildBundles   'lazy-cache',
286 verbose rebuildBundles   'levn',
286 verbose rebuildBundles   'longest',
286 verbose rebuildBundles   'lru-cache',
286 verbose rebuildBundles   'micromatch',
286 verbose rebuildBundles   'minimatch',
286 verbose rebuildBundles   'minimist',
286 verbose rebuildBundles   'mkdirp',
286 verbose rebuildBundles   'ms',
286 verbose rebuildBundles   'normalize-path',
286 verbose rebuildBundles   'object-keys',
286 verbose rebuildBundles   'object.omit',
286 verbose rebuildBundles   'optimist',
286 verbose rebuildBundles   'optionator',
286 verbose rebuildBundles   'parse-glob',
286 verbose rebuildBundles   'path-is-absolute',
286 verbose rebuildBundles   'prelude-ls',
286 verbose rebuildBundles   'preserve',
286 verbose rebuildBundles   'private',
286 verbose rebuildBundles   'process-nextick-args',
286 verbose rebuildBundles   'promise',
286 verbose rebuildBundles   'randomatic',
286 verbose rebuildBundles   'readable-stream',
286 verbose rebuildBundles   'readdirp',
286 verbose rebuildBundles   'recast',
286 verbose rebuildBundles   'regex-cache',
286 verbose rebuildBundles   'repeat-element',
286 verbose rebuildBundles   'repeat-string',
286 verbose rebuildBundles   'right-align',
286 verbose rebuildBundles   'sax',
286 verbose rebuildBundles   'sigmund',
286 verbose rebuildBundles   'source-map',
286 verbose rebuildBundles   'string_decoder',
286 verbose rebuildBundles   'stylus',
286 verbose rebuildBundles   'through2',
286 verbose rebuildBundles   'transformers',
286 verbose rebuildBundles   'type-check',
286 verbose rebuildBundles   'uglify-js',
286 verbose rebuildBundles   'uglify-to-browserify',
286 verbose rebuildBundles   'unreachable-branch-transform',
286 verbose rebuildBundles   'util-deprecate',
286 verbose rebuildBundles   'void-elements',
286 verbose rebuildBundles   'window-size',
286 verbose rebuildBundles   'with',
286 verbose rebuildBundles   'wordwrap',
286 verbose rebuildBundles   'xtend',
286 verbose rebuildBundles   'yargs' ]
287 verbose rebuild bundle /mnt/hgfs/vm_shared/ergame/node_modules/acorn
288 info build /mnt/hgfs/vm_shared/ergame/node_modules/acorn
289 info preinstall acorn@1.2.2
290 info linkStuff acorn@1.2.2
291 silly linkStuff acorn@1.2.2 has /mnt/hgfs/vm_shared/ergame/node_modules as its parent node_modules
292 verbose linkBins acorn@1.2.2
293 verbose link bins [ { acorn: './bin/acorn' },
293 verbose link bins   '/mnt/hgfs/vm_shared/ergame/node_modules/.bin',
293 verbose link bins   false ]
294 verbose linkMans acorn@1.2.2
295 verbose rebuildBundles acorn@1.2.2
296 silly gentlyRm /mnt/hgfs/vm_shared/ergame/node_modules/.bin/acorn is being purged
297 verbose gentlyRm don't care about contents; nuking /mnt/hgfs/vm_shared/ergame/node_modules/.bin/acorn
298 verbose stack Error: ENOTSUP: operation not supported on socket, symlink '../acorn/bin/acorn' -> '/mnt/hgfs/vm_shared/ergame/node_modules/.bin/acorn'
298 verbose stack     at Error (native)
299 verbose cwd /mnt/hgfs/vm_shared/ergame
300 error Linux 4.4.0-21-generic
301 error argv "/usr/bin/nodejs" "/usr/bin/npm" "install"
302 error node v4.5.0
303 error npm  v2.15.9
304 error path ../acorn/bin/acorn
305 error code ENOTSUP
306 error errno -95
307 error syscall symlink
308 error nospc ENOTSUP: operation not supported on socket, symlink '../acorn/bin/acorn' -> '/mnt/hgfs/vm_shared/ergame/node_modules/.bin/acorn'
308 error nospc This is most likely not a problem with npm itself
308 error nospc and is related to insufficient space on your system.
309 verbose exit [ -95, true ]
